g:\projects\cash-register-system\cashregistersystem2\x64\debug\uic\ui_cashregistersystem.h
g:\projects\cash-register-system\cashregistersystem2\x64\debug\rcc\qrc_cashregistersystem2.cpp
g:\projects\cash-register-system\cashregistersystem2\x64\debug\moc\moc_cashregistersystem.cpp
g:\projects\cash-register-system\cashregistersystem2\x64\debug\rcc\qrc_cashregistersystem.cpp
d:\projects\cashing\cash-register-system\cashregistersystem\x64\debug\uic\ui_cashregistersystem.h
d:\projects\cashing\cash-register-system\cashregistersystem\x64\debug\rcc\qrc_cashregistersystem.cpp
d:\projects\cashing\cash-register-system\cashregistersystem\x64\debug\moc\moc_cashregistersystem.cpp
g:\projects\cash-register-system\cashregistersystem\x64\debug\uic\ui_cashregistersystem.h
g:\projects\cash-register-system\cashregistersystem\x64\debug\moc\moc_cashregistersystem.cpp
g:\projects\cash-register-system\cashregistersystem\x64\debug\rcc\qrc_cashregistersystem.cpp
d:\crs\new folder\cashregistersystem\x64\debug\uic\ui_cashregistersystem.h
d:\crs\new folder\cashregistersystem\x64\debug\rcc\qrc_cashregistersystem.cpp
d:\crs\new folder\cashregistersystem\x64\debug\moc\moc_cashregistersystem.cpp
g:\cash-register-system\cashregistersystem\x64\debug\uic\ui_cashregistersystem.h
g:\cash-register-system\cashregistersystem\x64\debug\rcc\qrc_cashregistersystem.cpp
g:\cash-register-system\cashregistersystem\x64\debug\moc\moc_cashregistersystem.cpp
d:\crs\cashregistersystem\cashregistersystem\x64\debug\uic\ui_cashregistersystem.h
d:\crs\cashregistersystem\cashregistersystem\x64\debug\rcc\qrc_cashregistersystem.cpp
d:\crs\cashregistersystem\cashregistersystem\x64\debug\moc\moc_cashregistersystem.cpp
d:\crs\cashregistersystem\cashregistersystem\x64\debug\vc143.pdb
d:\crs\cashregistersystem\cashregistersystem\x64\debug\sqlite3.obj
d:\crs\cashregistersystem\cashregistersystem\x64\debug\qrc_cashregistersystem.obj
d:\crs\cashregistersystem\cashregistersystem\x64\debug\moc_cashregistersystem.obj
d:\crs\cashregistersystem\cashregistersystem\x64\debug\database.obj
d:\crs\cashregistersystem\cashregistersystem\x64\debug\customersform.obj
d:\crs\cashregistersystem\cashregistersystem\x64\debug\cashregistersystem.obj
d:\crs\cashregistersystem\cashregistersystem\x64\debug\login.obj
d:\crs\cashregistersystem\cashregistersystem\x64\debug\creatingaccount.obj
d:\crs\cashregistersystem\cashregistersystem\x64\debug\main.obj
d:\crs\cashregistersystem\cashregistersystem\x64\debug\cart.obj
d:\crs\cashregistersystem\cashregistersystem\x64\debug\cashregistersystem2.exe
d:\crs\cashregistersystem\cashregistersystem\x64\debug\cashregistersystem2.ilk
d:\crs\cashregistersystem\cashregistersystem\x64\debug\cashregistersystem2.pdb
d:\crs\cashregistersystem\cashregistersystem\x64\debug\qrc_cashregistersystem2.obj
d:\crs\cashregistersystem\cashregistersystem\x64\debug\vc142.pdb
d:\crs\cashregistersystem\cashregistersystem\x64\debug\cashregi.2a951d4e.tlog\cashregistersystem2.write.1u.tlog
d:\crs\cashregistersystem\cashregistersystem\x64\debug\cashregi.2a951d4e.tlog\cl.command.1.tlog
d:\crs\cashregistersystem\cashregistersystem\x64\debug\cashregi.2a951d4e.tlog\cl.read.1.tlog
d:\crs\cashregistersystem\cashregistersystem\x64\debug\cashregi.2a951d4e.tlog\cl.write.1.tlog
d:\crs\cashregistersystem\cashregistersystem\x64\debug\cashregi.2a951d4e.tlog\link.command.1.tlog
d:\crs\cashregistersystem\cashregistersystem\x64\debug\cashregi.2a951d4e.tlog\link.read.1.tlog
d:\crs\cashregistersystem\cashregistersystem\x64\debug\cashregi.2a951d4e.tlog\link.write.1.tlog
d:\crs\cashregistersystem\cashregistersystem\x64\debug\cashregi.2a951d4e.tlog\moc.read.1u.tlog
d:\crs\cashregistersystem\cashregistersystem\x64\debug\cashregi.2a951d4e.tlog\moc.write.1u.tlog
d:\crs\cashregistersystem\cashregistersystem\x64\debug\cashregi.2a951d4e.tlog\rcc.read.1u.tlog
d:\crs\cashregistersystem\cashregistersystem\x64\debug\cashregi.2a951d4e.tlog\rcc.write.1u.tlog
d:\crs\cashregistersystem\cashregistersystem\x64\debug\cashregi.2a951d4e.tlog\uic.read.1u.tlog
d:\crs\cashregistersystem\cashregistersystem\x64\debug\cashregi.2a951d4e.tlog\uic.write.1u.tlog
